<?xml version="1.0" encoding="UTF-8"?>
<testsuite xmlns:xsi="http://www.w3.org/2001/XMLSchema-instance" xsi:noNamespaceSchemaLocation="https://maven.apache.org/surefire/maven-surefire-plugin/xsd/surefire-test-report-3.0.xsd" version="3.0" name="com.example.runners.TestRunner" time="2.812" tests="5" errors="0" skipped="0" failures="0">
  <properties>
[...]
</properties>
  <testcase name="Explore the About page" classname="Rick and Morty API Website Navigation" time="0.273">
    <system-out><![CDATA[
Scenario: Explore the About page                         # src/test/resources/features/about.feature:3
  Given I am on "https://rickandmortyapi.com/"           # com.example.steps.AboutSteps.I_am_on(java.lang.String)
  When I click on the "About" link                       # com.example.steps.AboutSteps.I_click_on_the_link(java.lang.String)
  Then I should be redirected to the about page          # com.example.steps.AboutSteps.I_should_be_redirected_to_the_about_page()
  And I should see information about the technical stuff # com.example.steps.AboutSteps.I_should_see_information_about_the_technical_stuff()
  And I should see "Axel Fuhrmann" mentioned             # com.example.steps.AboutSteps.I_should_see_mentioned(java.lang.String)
]]></system-out>
  </testcase>
  <testcase name="Get character by ID #1" classname="Rick and Morty API testing" time="0.757">
    <system-out><![CDATA[
Scenario: Get character by ID                              # src/test/resources/features/character.feature:3
13:13:47.262 [main] INFO  com.example.steps.CharacterSteps - Requesting character with id 1
  Given I request character with id 1                      # com.example.steps.CharacterSteps.i_request_character_with_id(int)
13:13:47.925 [main] INFO  com.example.steps.CharacterSteps - Validating response name: Rick Sanchez
  Then the response should contain the name "Rick Sanchez" # com.example.steps.CharacterSteps.the_response_should_contain_the_name(java.lang.String)
]]></system-out>
  </testcase>
  <testcase name="Get character by ID #2" classname="Rick and Morty API testing" time="0.074">
    <system-out><![CDATA[
Scenario: Get character by ID                              # src/test/resources/features/character.feature:8
13:13:47.945 [main] INFO  com.example.steps.CharacterSteps - Requesting character with id 1
  Given I request character with id 1                      # com.example.steps.CharacterSteps.i_request_character_with_id(int)
13:13:48.001 [main] INFO  com.example.steps.CharacterSteps - Validating response name: Rick Sanchez
  Then the response should contain the name "Rick Sanchez" # com.example.steps.CharacterSteps.the_response_should_contain_the_name(java.lang.String)
13:13:48.002 [main] INFO  com.example.steps.CharacterSteps - The valid status should be: Alive
  And the status should be "Alive"                         # com.example.steps.CharacterSteps.the_status_should_be(java.lang.String)
13:13:48.004 [main] INFO  com.example.steps.CharacterSteps - the species should be: {}Human
  And the species should be "Human"                        # com.example.steps.CharacterSteps.the_species_should_be(java.lang.String)
]]></system-out>
  </testcase>
  <testcase name="Search characters by name" classname="Character API Testing" time="0.176">
    <system-out><![CDATA[
Scenario: Search characters by name                                                 # src/test/resources/features/invalid.feature:3
13:13:48.018 [main] INFO  com.example.steps.CheckInvalidSteps - Sending GET request to: https://rickandmortyapi.com/api/character/?name=rick
  When I send GET request to "https://rickandmortyapi.com/api/character/?name=rick" # com.example.steps.CheckInvalidSteps.i_send_GET_request_to_url(java.lang.String)
13:13:48.134 [main] INFO  com.example.steps.CheckInvalidSteps - Response status code is: 200
  Then response status should be 200                                                # com.example.steps.CheckInvalidSteps.response_status_should_be(int)
13:13:48.182 [main] WARN  com.example.steps.CheckInvalidSteps - Received unknown response type
13:13:48.183 [main] INFO  com.example.steps.CheckInvalidSteps - character contains rick in name
  And results should contain characters with "rick" in name                         # com.example.steps.CheckInvalidSteps.results_should_contain_characters_with_in_name(java.lang.String)
]]></system-out>
  </testcase>
  <testcase name="Handle invalid character ID" classname="Character API Testing" time="0.299">
    <system-out><![CDATA[
Scenario: Handle invalid character ID                                          # src/test/resources/features/invalid.feature:8
13:13:48.193 [main] INFO  com.example.steps.CheckInvalidSteps - Sending GET request to: https://rickandmortyapi.com/api/character/99999
  When I send GET request to "https://rickandmortyapi.com/api/character/99999" # com.example.steps.CheckInvalidSteps.i_send_GET_request_to_url(java.lang.String)
13:13:48.482 [main] INFO  com.example.steps.CheckInvalidSteps - Response status code is: 404
  Then response status should be 404                                           # com.example.steps.CheckInvalidSteps.response_status_should_be(int)
13:13:48.483 [main] INFO  com.example.steps.CheckInvalidSteps - Error message: Character not found
  And response should contain error message                                    # com.example.steps.CheckInvalidSteps.response_should_contain_error_message()
]]></system-out>
  </testcase>
</testsuite>